<?xml version="1.0" encoding="UTF-8"?>
<!-- Generated by org.testng.reporters.JUnitXMLReporter -->
<testsuite ignored="0" hostname="Amirthavahini08" failures="2" tests="2" name="Chrome Test" time="0.043" errors="0" timestamp="2025-04-29T16:21:53 IST">
  <testcase classname="com.testng.MyFirstTest" name="myName" time="0.012">
    <failure type="java.lang.AssertionError" message="expected [false] but found [true]">
      <![CDATA[java.lang.AssertionError: expected [false] but found [true]
at com.testng.MyFirstTest.myName(MyFirstTest.java:11)
at java.base/java.util.ArrayList.forEach(ArrayList.java:1511)
... Removed 29 stack frames]]>
    </failure>
  </testcase> <!-- myName -->
  <testcase classname="com.testng.MyFirstTest" name="myName" time="0.025">
    <failure type="java.lang.Error" message="Unresolved compilation problem: 
">
      <![CDATA[java.lang.Error: Unresolved compilation problem: 

at Utilities.BaseClass.captureScreenshot(BaseClass.java:234)
at com.testng.MyTestListener.onTestFailure(MyTestListener.java:31)
at java.base/java.util.ArrayList.forEach(ArrayList.java:1511)
... Removed 24 stack frames]]>
    </failure>
  </testcase> <!-- myName -->
</testsuite> <!-- Chrome Test -->
